<?xml version="1.0" encoding="UTF-8"?>
<testsuite name="sbu.cs.AppTest" tests="1" skipped="0" failures="0" errors="0" timestamp="2021-05-14T20:03:15" hostname="HASAN" time="0.018">
  <properties/>
  <testcase name="shouldAnswerWithTrue()" classname="sbu.cs.AppTest" time="0.018"/>
  <system-out><![CDATA[]]></system-out>
  <system-err><![CDATA[]]></system-err>
</testsuite>
