<?xml version="1.0" encoding="UTF-8"?>
<testsuite name="sbu.cs.AppTest" tests="1" skipped="0" failures="0" errors="0" timestamp="2021-05-13T09:01:11" hostname="HASAN" time="0.019">
  <properties/>
  <testcase name="shouldAnswerWithTrue()" classname="sbu.cs.AppTest" time="0.019"/>
  <system-out><![CDATA[]]></system-out>
  <system-err><![CDATA[]]></system-err>
</testsuite>
